<?xml version="1.0" encoding="UTF-8"?>
<testsuite xmlns:xsi="http://www.w3.org/2001/XMLSchema-instance" xsi:noNamespaceSchemaLocation="https://maven.apache.org/surefire/maven-surefire-plugin/xsd/surefire-test-report.xsd" name="com.ruixun.tracking.service.ITrackingWaterServiceTest" time="0.021" tests="1" errors="0" skipped="0" failures="0">
  <properties>
    <property name="sun.desktop" value="windows"/>
    <property name="awt.toolkit" value="sun.awt.windows.WToolkit"/>
    <property name="file.encoding.pkg" value="sun.io"/>
    <property name="java.specification.version" value="1.8"/>
    <property name="sun.cpu.isalist" value="amd64"/>
    <property name="sun.jnu.encoding" value="GBK"/>
    <property name="java.class.path" value="C:\Users\Administrator\Desktop\git\tracking\tracking\target\test-classes;C:\Users\Administrator\Desktop\git\tracking\tracking\target\classes;F:\Maven-Repository\org\springframework\boot\spring-boot-starter-jdbc\2.2.5.RELEASE\spring-boot-starter-jdbc-2.2.5.RELEASE.jar;F:\Maven-Repository\org\springframework\boot\spring-boot-starter\2.2.5.RELEASE\spring-boot-starter-2.2.5.RELEASE.jar;F:\Maven-Repository\org\springframework\boot\spring-boot\2.2.5.RELEASE\spring-boot-2.2.5.RELEASE.jar;F:\Maven-Repository\org\springframework\boot\spring-boot-starter-logging\2.2.5.RELEASE\spring-boot-starter-logging-2.2.5.RELEASE.jar;F:\Maven-Repository\ch\qos\logback\logback-classic\1.2.3\logback-classic-1.2.3.jar;F:\Maven-Repository\ch\qos\logback\logback-core\1.2.3\logback-core-1.2.3.jar;F:\Maven-Repository\org\apache\logging\log4j\log4j-to-slf4j\2.12.1\log4j-to-slf4j-2.12.1.jar;F:\Maven-Repository\org\apache\logging\log4j\log4j-api\2.12.1\log4j-api-2.12.1.jar;F:\Maven-Repository\org\slf4j\jul-to-slf4j\1.7.30\jul-to-slf4j-1.7.30.jar;F:\Maven-Repository\jakarta\annotation\jakarta.annotation-api\1.3.5\jakarta.annotation-api-1.3.5.jar;F:\Maven-Repository\org\yaml\snakeyaml\1.25\snakeyaml-1.25.jar;F:\Maven-Repository\com\zaxxer\HikariCP\3.4.2\HikariCP-3.4.2.jar;F:\Maven-Repository\org\springframework\spring-jdbc\5.2.4.RELEASE\spring-jdbc-5.2.4.RELEASE.jar;F:\Maven-Repository\org\springframework\spring-beans\5.2.4.RELEASE\spring-beans-5.2.4.RELEASE.jar;F:\Maven-Repository\org\springframework\spring-tx\5.2.4.RELEASE\spring-tx-5.2.4.RELEASE.jar;F:\Maven-Repository\org\springframework\boot\spring-boot-starter-web\2.2.5.RELEASE\spring-boot-starter-web-2.2.5.RELEASE.jar;F:\Maven-Repository\org\springframework\boot\spring-boot-starter-json\2.2.5.RELEASE\spring-boot-starter-json-2.2.5.RELEASE.jar;F:\Maven-Repository\com\fasterxml\jackson\core\jackson-databind\2.10.2\jackson-databind-2.10.2.jar;F:\Maven-Repository\com\fasterxml\jackson\core\jackson-core\2.10.2\jackson-core-2.10.2.jar;F:\Maven-Repository\com\fasterxml\jackson\datatype\jackson-datatype-jdk8\2.10.2\jackson-datatype-jdk8-2.10.2.jar;F:\Maven-Repository\com\fasterxml\jackson\datatype\jackson-datatype-jsr310\2.10.2\jackson-datatype-jsr310-2.10.2.jar;F:\Maven-Repository\com\fasterxml\jackson\module\jackson-module-parameter-names\2.10.2\jackson-module-parameter-names-2.10.2.jar;F:\Maven-Repository\org\springframework\boot\spring-boot-starter-tomcat\2.2.5.RELEASE\spring-boot-starter-tomcat-2.2.5.RELEASE.jar;F:\Maven-Repository\org\apache\tomcat\embed\tomcat-embed-core\9.0.31\tomcat-embed-core-9.0.31.jar;F:\Maven-Repository\org\apache\tomcat\embed\tomcat-embed-el\9.0.31\tomcat-embed-el-9.0.31.jar;F:\Maven-Repository\org\apache\tomcat\embed\tomcat-embed-websocket\9.0.31\tomcat-embed-websocket-9.0.31.jar;F:\Maven-Repository\org\springframework\boot\spring-boot-starter-validation\2.2.5.RELEASE\spring-boot-starter-validation-2.2.5.RELEASE.jar;F:\Maven-Repository\jakarta\validation\jakarta.validation-api\2.0.2\jakarta.validation-api-2.0.2.jar;F:\Maven-Repository\org\hibernate\validator\hibernate-validator\6.0.18.Final\hibernate-validator-6.0.18.Final.jar;F:\Maven-Repository\org\jboss\logging\jboss-logging\3.4.1.Final\jboss-logging-3.4.1.Final.jar;F:\Maven-Repository\org\springframework\spring-web\5.2.4.RELEASE\spring-web-5.2.4.RELEASE.jar;F:\Maven-Repository\org\springframework\spring-webmvc\5.2.4.RELEASE\spring-webmvc-5.2.4.RELEASE.jar;F:\Maven-Repository\org\springframework\spring-aop\5.2.4.RELEASE\spring-aop-5.2.4.RELEASE.jar;F:\Maven-Repository\org\springframework\spring-context\5.2.4.RELEASE\spring-context-5.2.4.RELEASE.jar;F:\Maven-Repository\org\springframework\spring-expression\5.2.4.RELEASE\spring-expression-5.2.4.RELEASE.jar;F:\Maven-Repository\org\mybatis\spring\boot\mybatis-spring-boot-starter\2.1.2\mybatis-spring-boot-starter-2.1.2.jar;F:\Maven-Repository\org\mybatis\spring\boot\mybatis-spring-boot-autoconfigure\2.1.2\mybatis-spring-boot-autoconfigure-2.1.2.jar;F:\Maven-Repository\org\mybatis\mybatis\3.5.4\mybatis-3.5.4.jar;F:\Maven-Repository\org\mybatis\mybatis-spring\2.0.4\mybatis-spring-2.0.4.jar;F:\Maven-Repository\org\projectlombok\lombok\1.18.12\lombok-1.18.12.jar;F:\Maven-Repository\org\springframework\boot\spring-boot-starter-test\2.2.5.RELEASE\spring-boot-starter-test-2.2.5.RELEASE.jar;F:\Maven-Repository\org\springframework\boot\spring-boot-test\2.2.5.RELEASE\spring-boot-test-2.2.5.RELEASE.jar;F:\Maven-Repository\org\springframework\boot\spring-boot-test-autoconfigure\2.2.5.RELEASE\spring-boot-test-autoconfigure-2.2.5.RELEASE.jar;F:\Maven-Repository\com\jayway\jsonpath\json-path\2.4.0\json-path-2.4.0.jar;F:\Maven-Repository\net\minidev\json-smart\2.3\json-smart-2.3.jar;F:\Maven-Repository\net\minidev\accessors-smart\1.2\accessors-smart-1.2.jar;F:\Maven-Repository\org\ow2\asm\asm\5.0.4\asm-5.0.4.jar;F:\Maven-Repository\jakarta\xml\bind\jakarta.xml.bind-api\2.3.2\jakarta.xml.bind-api-2.3.2.jar;F:\Maven-Repository\jakarta\activation\jakarta.activation-api\1.2.2\jakarta.activation-api-1.2.2.jar;F:\Maven-Repository\org\junit\jupiter\junit-jupiter\5.5.2\junit-jupiter-5.5.2.jar;F:\Maven-Repository\org\junit\jupiter\junit-jupiter-api\5.5.2\junit-jupiter-api-5.5.2.jar;F:\Maven-Repository\org\apiguardian\apiguardian-api\1.1.0\apiguardian-api-1.1.0.jar;F:\Maven-Repository\org\opentest4j\opentest4j\1.2.0\opentest4j-1.2.0.jar;F:\Maven-Repository\org\junit\platform\junit-platform-commons\1.5.2\junit-platform-commons-1.5.2.jar;F:\Maven-Repository\org\junit\jupiter\junit-jupiter-params\5.5.2\junit-jupiter-params-5.5.2.jar;F:\Maven-Repository\org\junit\jupiter\junit-jupiter-engine\5.5.2\junit-jupiter-engine-5.5.2.jar;F:\Maven-Repository\org\junit\platform\junit-platform-engine\1.5.2\junit-platform-engine-1.5.2.jar;F:\Maven-Repository\org\mockito\mockito-junit-jupiter\3.1.0\mockito-junit-jupiter-3.1.0.jar;F:\Maven-Repository\org\assertj\assertj-core\3.13.2\assertj-core-3.13.2.jar;F:\Maven-Repository\org\hamcrest\hamcrest\2.1\hamcrest-2.1.jar;F:\Maven-Repository\org\mockito\mockito-core\3.1.0\mockito-core-3.1.0.jar;F:\Maven-Repository\net\bytebuddy\byte-buddy\1.10.8\byte-buddy-1.10.8.jar;F:\Maven-Repository\net\bytebuddy\byte-buddy-agent\1.10.8\byte-buddy-agent-1.10.8.jar;F:\Maven-Repository\org\objenesis\objenesis\2.6\objenesis-2.6.jar;F:\Maven-Repository\org\skyscreamer\jsonassert\1.5.0\jsonassert-1.5.0.jar;F:\Maven-Repository\com\vaadin\external\google\android-json\0.0.20131108.vaadin1\android-json-0.0.20131108.vaadin1.jar;F:\Maven-Repository\org\springframework\spring-core\5.2.4.RELEASE\spring-core-5.2.4.RELEASE.jar;F:\Maven-Repository\org\springframework\spring-jcl\5.2.4.RELEASE\spring-jcl-5.2.4.RELEASE.jar;F:\Maven-Repository\org\springframework\spring-test\5.2.4.RELEASE\spring-test-5.2.4.RELEASE.jar;F:\Maven-Repository\org\xmlunit\xmlunit-core\2.6.3\xmlunit-core-2.6.3.jar;F:\Maven-Repository\com\alibaba\druid\1.1.21\druid-1.1.21.jar;F:\Maven-Repository\com\alibaba\fastjson\1.2.62\fastjson-1.2.62.jar;F:\Maven-Repository\io\springfox\springfox-swagger-ui\2.9.2\springfox-swagger-ui-2.9.2.jar;F:\Maven-Repository\io\springfox\springfox-spring-web\2.9.2\springfox-spring-web-2.9.2.jar;F:\Maven-Repository\mysql\mysql-connector-java\8.0.11\mysql-connector-java-8.0.11.jar;F:\Maven-Repository\io\springfox\springfox-swagger2\2.9.2\springfox-swagger2-2.9.2.jar;F:\Maven-Repository\io\swagger\swagger-annotations\1.5.20\swagger-annotations-1.5.20.jar;F:\Maven-Repository\io\swagger\swagger-models\1.5.20\swagger-models-1.5.20.jar;F:\Maven-Repository\com\fasterxml\jackson\core\jackson-annotations\2.10.2\jackson-annotations-2.10.2.jar;F:\Maven-Repository\io\springfox\springfox-spi\2.9.2\springfox-spi-2.9.2.jar;F:\Maven-Repository\io\springfox\springfox-core\2.9.2\springfox-core-2.9.2.jar;F:\Maven-Repository\io\springfox\springfox-schema\2.9.2\springfox-schema-2.9.2.jar;F:\Maven-Repository\io\springfox\springfox-swagger-common\2.9.2\springfox-swagger-common-2.9.2.jar;F:\Maven-Repository\com\google\guava\guava\20.0\guava-20.0.jar;F:\Maven-Repository\com\fasterxml\classmate\1.5.1\classmate-1.5.1.jar;F:\Maven-Repository\org\slf4j\slf4j-api\1.7.30\slf4j-api-1.7.30.jar;F:\Maven-Repository\org\springframework\plugin\spring-plugin-core\1.2.0.RELEASE\spring-plugin-core-1.2.0.RELEASE.jar;F:\Maven-Repository\org\springframework\plugin\spring-plugin-metadata\1.2.0.RELEASE\spring-plugin-metadata-1.2.0.RELEASE.jar;F:\Maven-Repository\org\mapstruct\mapstruct\1.2.0.Final\mapstruct-1.2.0.Final.jar;F:\Maven-Repository\io\github\swagger2markup\swagger2markup\1.3.3\swagger2markup-1.3.3.jar;F:\Maven-Repository\io\github\swagger2markup\markup-document-builder\1.1.2\markup-document-builder-1.1.2.jar;F:\Maven-Repository\org\apache\commons\commons-lang3\3.9\commons-lang3-3.9.jar;F:\Maven-Repository\commons-io\commons-io\2.4\commons-io-2.4.jar;F:\Maven-Repository\commons-codec\commons-codec\1.13\commons-codec-1.13.jar;F:\Maven-Repository\nl\jworks\markdown_to_asciidoc\markdown_to_asciidoc\1.0\markdown_to_asciidoc-1.0.jar;F:\Maven-Repository\org\pegdown\pegdown\1.4.2\pegdown-1.4.2.jar;F:\Maven-Repository\org\parboiled\parboiled-java\1.1.6\parboiled-java-1.1.6.jar;F:\Maven-Repository\org\parboiled\parboiled-core\1.1.6\parboiled-core-1.1.6.jar;F:\Maven-Repository\org\ow2\asm\asm-tree\4.1\asm-tree-4.1.jar;F:\Maven-Repository\org\ow2\asm\asm-analysis\4.1\asm-analysis-4.1.jar;F:\Maven-Repository\org\ow2\asm\asm-util\4.1\asm-util-4.1.jar;F:\Maven-Repository\org\jsoup\jsoup\1.8.1\jsoup-1.8.1.jar;F:\Maven-Repository\io\swagger\swagger-compat-spec-parser\1.0.35\swagger-compat-spec-parser-1.0.35.jar;F:\Maven-Repository\io\swagger\swagger-core\1.5.19\swagger-core-1.5.19.jar;F:\Maven-Repository\com\fasterxml\jackson\dataformat\jackson-dataformat-yaml\2.10.2\jackson-dataformat-yaml-2.10.2.jar;F:\Maven-Repository\javax\validation\validation-api\2.0.1.Final\validation-api-2.0.1.Final.jar;F:\Maven-Repository\io\swagger\swagger-parser\1.0.35\swagger-parser-1.0.35.jar;F:\Maven-Repository\org\slf4j\slf4j-ext\1.7.30\slf4j-ext-1.7.30.jar;F:\Maven-Repository\com\github\java-json-tools\json-schema-validator\2.2.8\json-schema-validator-2.2.8.jar;F:\Maven-Repository\com\github\java-json-tools\json-schema-core\1.2.8\json-schema-core-1.2.8.jar;F:\Maven-Repository\org\mozilla\rhino\1.7R4\rhino-1.7R4.jar;F:\Maven-Repository\com\github\fge\uri-template\0.9\uri-template-0.9.jar;F:\Maven-Repository\javax\mail\mailapi\1.4.3\mailapi-1.4.3.jar;F:\Maven-Repository\javax\activation\activation\1.1\activation-1.1.jar;F:\Maven-Repository\joda-time\joda-time\2.10.5\joda-time-2.10.5.jar;F:\Maven-Repository\com\googlecode\libphonenumber\libphonenumber\8.0.0\libphonenumber-8.0.0.jar;F:\Maven-Repository\com\google\code\findbugs\jsr305\3.0.1\jsr305-3.0.1.jar;F:\Maven-Repository\net\sf\jopt-simple\jopt-simple\5.0.3\jopt-simple-5.0.3.jar;F:\Maven-Repository\com\github\fge\json-patch\1.6\json-patch-1.6.jar;F:\Maven-Repository\com\github\fge\jackson-coreutils\1.6\jackson-coreutils-1.6.jar;F:\Maven-Repository\com\github\fge\msg-simple\1.1\msg-simple-1.1.jar;F:\Maven-Repository\com\github\fge\btf\1.2\btf-1.2.jar;F:\Maven-Repository\org\apache\httpcomponents\httpclient\4.5.11\httpclient-4.5.11.jar;F:\Maven-Repository\org\apache\httpcomponents\httpcore\4.4.13\httpcore-4.4.13.jar;F:\Maven-Repository\org\apache\commons\commons-configuration2\2.1\commons-configuration2-2.1.jar;F:\Maven-Repository\commons-logging\commons-logging\1.2\commons-logging-1.2.jar;F:\Maven-Repository\commons-beanutils\commons-beanutils\1.9.2\commons-beanutils-1.9.2.jar;F:\Maven-Repository\commons-collections\commons-collections\3.2.1\commons-collections-3.2.1.jar;F:\Maven-Repository\org\apache\commons\commons-collections4\4.1\commons-collections4-4.1.jar;F:\Maven-Repository\io\vavr\vavr\0.9.1\vavr-0.9.1.jar;F:\Maven-Repository\io\vavr\vavr-match\0.9.1\vavr-match-0.9.1.jar;F:\Maven-Repository\ch\netzwerg\paleo-core\0.11.0\paleo-core-0.11.0.jar;F:\Maven-Repository\junit\junit\4.12\junit-4.12.jar;F:\Maven-Repository\org\hamcrest\hamcrest-core\2.1\hamcrest-core-2.1.jar;F:\Maven-Repository\com\baomidou\mybatis-plus-boot-starter\3.1.0\mybatis-plus-boot-starter-3.1.0.jar;F:\Maven-Repository\com\baomidou\mybatis-plus\3.1.0\mybatis-plus-3.1.0.jar;F:\Maven-Repository\org\springframework\boot\spring-boot-autoconfigure\2.2.5.RELEASE\spring-boot-autoconfigure-2.2.5.RELEASE.jar;F:\Maven-Repository\com\baomidou\mybatis-plus-generator\3.1.0\mybatis-plus-generator-3.1.0.jar;F:\Maven-Repository\com\baomidou\mybatis-plus-extension\3.1.0\mybatis-plus-extension-3.1.0.jar;F:\Maven-Repository\com\baomidou\mybatis-plus-core\3.1.0\mybatis-plus-core-3.1.0.jar;F:\Maven-Repository\com\baomidou\mybatis-plus-annotation\3.1.0\mybatis-plus-annotation-3.1.0.jar;F:\Maven-Repository\org\freemarker\freemarker\2.3.28\freemarker-2.3.28.jar;F:\Maven-Repository\com\github\pagehelper\pagehelper-spring-boot-starter\1.2.12\pagehelper-spring-boot-starter-1.2.12.jar;F:\Maven-Repository\com\github\pagehelper\pagehelper-spring-boot-autoconfigure\1.2.12\pagehelper-spring-boot-autoconfigure-1.2.12.jar;F:\Maven-Repository\com\github\pagehelper\pagehelper\5.1.10\pagehelper-5.1.10.jar;F:\Maven-Repository\com\github\jsqlparser\jsqlparser\2.0\jsqlparser-2.0.jar;"/>
    <property name="java.vm.vendor" value="Oracle Corporation"/>
    <property name="sun.arch.data.model" value="64"/>
    <property name="user.variant" value=""/>
    <property name="java.vendor.url" value="http://java.oracle.com/"/>
    <property name="user.timezone" value="Asia/Shanghai"/>
    <property name="java.vm.specification.version" value="1.8"/>
    <property name="os.name" value="Windows 10"/>
    <property name="user.country" value="CN"/>
    <property name="sun.java.launcher" value="SUN_STANDARD"/>
    <property name="sun.boot.library.path" value="F:\Java JDK 8\jre\bin"/>
    <property name="sun.java.command" value="C:\Users\ADMINI~1\AppData\Local\Temp\surefire8850276839124982696\surefirebooter706697563533972455.jar C:\Users\Administrator\AppData\Local\Temp\surefire8850276839124982696 2020-03-29T19-17-39_696-jvmRun1 surefire3862445043263672765tmp surefire_04131825386028515934tmp"/>
    <property name="surefire.test.class.path" value="C:\Users\Administrator\Desktop\git\tracking\tracking\target\test-classes;C:\Users\Administrator\Desktop\git\tracking\tracking\target\classes;F:\Maven-Repository\org\springframework\boot\spring-boot-starter-jdbc\2.2.5.RELEASE\spring-boot-starter-jdbc-2.2.5.RELEASE.jar;F:\Maven-Repository\org\springframework\boot\spring-boot-starter\2.2.5.RELEASE\spring-boot-starter-2.2.5.RELEASE.jar;F:\Maven-Repository\org\springframework\boot\spring-boot\2.2.5.RELEASE\spring-boot-2.2.5.RELEASE.jar;F:\Maven-Repository\org\springframework\boot\spring-boot-starter-logging\2.2.5.RELEASE\spring-boot-starter-logging-2.2.5.RELEASE.jar;F:\Maven-Repository\ch\qos\logback\logback-classic\1.2.3\logback-classic-1.2.3.jar;F:\Maven-Repository\ch\qos\logback\logback-core\1.2.3\logback-core-1.2.3.jar;F:\Maven-Repository\org\apache\logging\log4j\log4j-to-slf4j\2.12.1\log4j-to-slf4j-2.12.1.jar;F:\Maven-Repository\org\apache\logging\log4j\log4j-api\2.12.1\log4j-api-2.12.1.jar;F:\Maven-Repository\org\slf4j\jul-to-slf4j\1.7.30\jul-to-slf4j-1.7.30.jar;F:\Maven-Repository\jakarta\annotation\jakarta.annotation-api\1.3.5\jakarta.annotation-api-1.3.5.jar;F:\Maven-Repository\org\yaml\snakeyaml\1.25\snakeyaml-1.25.jar;F:\Maven-Repository\com\zaxxer\HikariCP\3.4.2\HikariCP-3.4.2.jar;F:\Maven-Repository\org\springframework\spring-jdbc\5.2.4.RELEASE\spring-jdbc-5.2.4.RELEASE.jar;F:\Maven-Repository\org\springframework\spring-beans\5.2.4.RELEASE\spring-beans-5.2.4.RELEASE.jar;F:\Maven-Repository\org\springframework\spring-tx\5.2.4.RELEASE\spring-tx-5.2.4.RELEASE.jar;F:\Maven-Repository\org\springframework\boot\spring-boot-starter-web\2.2.5.RELEASE\spring-boot-starter-web-2.2.5.RELEASE.jar;F:\Maven-Repository\org\springframework\boot\spring-boot-starter-json\2.2.5.RELEASE\spring-boot-starter-json-2.2.5.RELEASE.jar;F:\Maven-Repository\com\fasterxml\jackson\core\jackson-databind\2.10.2\jackson-databind-2.10.2.jar;F:\Maven-Repository\com\fasterxml\jackson\core\jackson-core\2.10.2\jackson-core-2.10.2.jar;F:\Maven-Repository\com\fasterxml\jackson\datatype\jackson-datatype-jdk8\2.10.2\jackson-datatype-jdk8-2.10.2.jar;F:\Maven-Repository\com\fasterxml\jackson\datatype\jackson-datatype-jsr310\2.10.2\jackson-datatype-jsr310-2.10.2.jar;F:\Maven-Repository\com\fasterxml\jackson\module\jackson-module-parameter-names\2.10.2\jackson-module-parameter-names-2.10.2.jar;F:\Maven-Repository\org\springframework\boot\spring-boot-starter-tomcat\2.2.5.RELEASE\spring-boot-starter-tomcat-2.2.5.RELEASE.jar;F:\Maven-Repository\org\apache\tomcat\embed\tomcat-embed-core\9.0.31\tomcat-embed-core-9.0.31.jar;F:\Maven-Repository\org\apache\tomcat\embed\tomcat-embed-el\9.0.31\tomcat-embed-el-9.0.31.jar;F:\Maven-Repository\org\apache\tomcat\embed\tomcat-embed-websocket\9.0.31\tomcat-embed-websocket-9.0.31.jar;F:\Maven-Repository\org\springframework\boot\spring-boot-starter-validation\2.2.5.RELEASE\spring-boot-starter-validation-2.2.5.RELEASE.jar;F:\Maven-Repository\jakarta\validation\jakarta.validation-api\2.0.2\jakarta.validation-api-2.0.2.jar;F:\Maven-Repository\org\hibernate\validator\hibernate-validator\6.0.18.Final\hibernate-validator-6.0.18.Final.jar;F:\Maven-Repository\org\jboss\logging\jboss-logging\3.4.1.Final\jboss-logging-3.4.1.Final.jar;F:\Maven-Repository\org\springframework\spring-web\5.2.4.RELEASE\spring-web-5.2.4.RELEASE.jar;F:\Maven-Repository\org\springframework\spring-webmvc\5.2.4.RELEASE\spring-webmvc-5.2.4.RELEASE.jar;F:\Maven-Repository\org\springframework\spring-aop\5.2.4.RELEASE\spring-aop-5.2.4.RELEASE.jar;F:\Maven-Repository\org\springframework\spring-context\5.2.4.RELEASE\spring-context-5.2.4.RELEASE.jar;F:\Maven-Repository\org\springframework\spring-expression\5.2.4.RELEASE\spring-expression-5.2.4.RELEASE.jar;F:\Maven-Repository\org\mybatis\spring\boot\mybatis-spring-boot-starter\2.1.2\mybatis-spring-boot-starter-2.1.2.jar;F:\Maven-Repository\org\mybatis\spring\boot\mybatis-spring-boot-autoconfigure\2.1.2\mybatis-spring-boot-autoconfigure-2.1.2.jar;F:\Maven-Repository\org\mybatis\mybatis\3.5.4\mybatis-3.5.4.jar;F:\Maven-Repository\org\mybatis\mybatis-spring\2.0.4\mybatis-spring-2.0.4.jar;F:\Maven-Repository\org\projectlombok\lombok\1.18.12\lombok-1.18.12.jar;F:\Maven-Repository\org\springframework\boot\spring-boot-starter-test\2.2.5.RELEASE\spring-boot-starter-test-2.2.5.RELEASE.jar;F:\Maven-Repository\org\springframework\boot\spring-boot-test\2.2.5.RELEASE\spring-boot-test-2.2.5.RELEASE.jar;F:\Maven-Repository\org\springframework\boot\spring-boot-test-autoconfigure\2.2.5.RELEASE\spring-boot-test-autoconfigure-2.2.5.RELEASE.jar;F:\Maven-Repository\com\jayway\jsonpath\json-path\2.4.0\json-path-2.4.0.jar;F:\Maven-Repository\net\minidev\json-smart\2.3\json-smart-2.3.jar;F:\Maven-Repository\net\minidev\accessors-smart\1.2\accessors-smart-1.2.jar;F:\Maven-Repository\org\ow2\asm\asm\5.0.4\asm-5.0.4.jar;F:\Maven-Repository\jakarta\xml\bind\jakarta.xml.bind-api\2.3.2\jakarta.xml.bind-api-2.3.2.jar;F:\Maven-Repository\jakarta\activation\jakarta.activation-api\1.2.2\jakarta.activation-api-1.2.2.jar;F:\Maven-Repository\org\junit\jupiter\junit-jupiter\5.5.2\junit-jupiter-5.5.2.jar;F:\Maven-Repository\org\junit\jupiter\junit-jupiter-api\5.5.2\junit-jupiter-api-5.5.2.jar;F:\Maven-Repository\org\apiguardian\apiguardian-api\1.1.0\apiguardian-api-1.1.0.jar;F:\Maven-Repository\org\opentest4j\opentest4j\1.2.0\opentest4j-1.2.0.jar;F:\Maven-Repository\org\junit\platform\junit-platform-commons\1.5.2\junit-platform-commons-1.5.2.jar;F:\Maven-Repository\org\junit\jupiter\junit-jupiter-params\5.5.2\junit-jupiter-params-5.5.2.jar;F:\Maven-Repository\org\junit\jupiter\junit-jupiter-engine\5.5.2\junit-jupiter-engine-5.5.2.jar;F:\Maven-Repository\org\junit\platform\junit-platform-engine\1.5.2\junit-platform-engine-1.5.2.jar;F:\Maven-Repository\org\mockito\mockito-junit-jupiter\3.1.0\mockito-junit-jupiter-3.1.0.jar;F:\Maven-Repository\org\assertj\assertj-core\3.13.2\assertj-core-3.13.2.jar;F:\Maven-Repository\org\hamcrest\hamcrest\2.1\hamcrest-2.1.jar;F:\Maven-Repository\org\mockito\mockito-core\3.1.0\mockito-core-3.1.0.jar;F:\Maven-Repository\net\bytebuddy\byte-buddy\1.10.8\byte-buddy-1.10.8.jar;F:\Maven-Repository\net\bytebuddy\byte-buddy-agent\1.10.8\byte-buddy-agent-1.10.8.jar;F:\Maven-Repository\org\objenesis\objenesis\2.6\objenesis-2.6.jar;F:\Maven-Repository\org\skyscreamer\jsonassert\1.5.0\jsonassert-1.5.0.jar;F:\Maven-Repository\com\vaadin\external\google\android-json\0.0.20131108.vaadin1\android-json-0.0.20131108.vaadin1.jar;F:\Maven-Repository\org\springframework\spring-core\5.2.4.RELEASE\spring-core-5.2.4.RELEASE.jar;F:\Maven-Repository\org\springframework\spring-jcl\5.2.4.RELEASE\spring-jcl-5.2.4.RELEASE.jar;F:\Maven-Repository\org\springframework\spring-test\5.2.4.RELEASE\spring-test-5.2.4.RELEASE.jar;F:\Maven-Repository\org\xmlunit\xmlunit-core\2.6.3\xmlunit-core-2.6.3.jar;F:\Maven-Repository\com\alibaba\druid\1.1.21\druid-1.1.21.jar;F:\Maven-Repository\com\alibaba\fastjson\1.2.62\fastjson-1.2.62.jar;F:\Maven-Repository\io\springfox\springfox-swagger-ui\2.9.2\springfox-swagger-ui-2.9.2.jar;F:\Maven-Repository\io\springfox\springfox-spring-web\2.9.2\springfox-spring-web-2.9.2.jar;F:\Maven-Repository\mysql\mysql-connector-java\8.0.11\mysql-connector-java-8.0.11.jar;F:\Maven-Repository\io\springfox\springfox-swagger2\2.9.2\springfox-swagger2-2.9.2.jar;F:\Maven-Repository\io\swagger\swagger-annotations\1.5.20\swagger-annotations-1.5.20.jar;F:\Maven-Repository\io\swagger\swagger-models\1.5.20\swagger-models-1.5.20.jar;F:\Maven-Repository\com\fasterxml\jackson\core\jackson-annotations\2.10.2\jackson-annotations-2.10.2.jar;F:\Maven-Repository\io\springfox\springfox-spi\2.9.2\springfox-spi-2.9.2.jar;F:\Maven-Repository\io\springfox\springfox-core\2.9.2\springfox-core-2.9.2.jar;F:\Maven-Repository\io\springfox\springfox-schema\2.9.2\springfox-schema-2.9.2.jar;F:\Maven-Repository\io\springfox\springfox-swagger-common\2.9.2\springfox-swagger-common-2.9.2.jar;F:\Maven-Repository\com\google\guava\guava\20.0\guava-20.0.jar;F:\Maven-Repository\com\fasterxml\classmate\1.5.1\classmate-1.5.1.jar;F:\Maven-Repository\org\slf4j\slf4j-api\1.7.30\slf4j-api-1.7.30.jar;F:\Maven-Repository\org\springframework\plugin\spring-plugin-core\1.2.0.RELEASE\spring-plugin-core-1.2.0.RELEASE.jar;F:\Maven-Repository\org\springframework\plugin\spring-plugin-metadata\1.2.0.RELEASE\spring-plugin-metadata-1.2.0.RELEASE.jar;F:\Maven-Repository\org\mapstruct\mapstruct\1.2.0.Final\mapstruct-1.2.0.Final.jar;F:\Maven-Repository\io\github\swagger2markup\swagger2markup\1.3.3\swagger2markup-1.3.3.jar;F:\Maven-Repository\io\github\swagger2markup\markup-document-builder\1.1.2\markup-document-builder-1.1.2.jar;F:\Maven-Repository\org\apache\commons\commons-lang3\3.9\commons-lang3-3.9.jar;F:\Maven-Repository\commons-io\commons-io\2.4\commons-io-2.4.jar;F:\Maven-Repository\commons-codec\commons-codec\1.13\commons-codec-1.13.jar;F:\Maven-Repository\nl\jworks\markdown_to_asciidoc\markdown_to_asciidoc\1.0\markdown_to_asciidoc-1.0.jar;F:\Maven-Repository\org\pegdown\pegdown\1.4.2\pegdown-1.4.2.jar;F:\Maven-Repository\org\parboiled\parboiled-java\1.1.6\parboiled-java-1.1.6.jar;F:\Maven-Repository\org\parboiled\parboiled-core\1.1.6\parboiled-core-1.1.6.jar;F:\Maven-Repository\org\ow2\asm\asm-tree\4.1\asm-tree-4.1.jar;F:\Maven-Repository\org\ow2\asm\asm-analysis\4.1\asm-analysis-4.1.jar;F:\Maven-Repository\org\ow2\asm\asm-util\4.1\asm-util-4.1.jar;F:\Maven-Repository\org\jsoup\jsoup\1.8.1\jsoup-1.8.1.jar;F:\Maven-Repository\io\swagger\swagger-compat-spec-parser\1.0.35\swagger-compat-spec-parser-1.0.35.jar;F:\Maven-Repository\io\swagger\swagger-core\1.5.19\swagger-core-1.5.19.jar;F:\Maven-Repository\com\fasterxml\jackson\dataformat\jackson-dataformat-yaml\2.10.2\jackson-dataformat-yaml-2.10.2.jar;F:\Maven-Repository\javax\validation\validation-api\2.0.1.Final\validation-api-2.0.1.Final.jar;F:\Maven-Repository\io\swagger\swagger-parser\1.0.35\swagger-parser-1.0.35.jar;F:\Maven-Repository\org\slf4j\slf4j-ext\1.7.30\slf4j-ext-1.7.30.jar;F:\Maven-Repository\com\github\java-json-tools\json-schema-validator\2.2.8\json-schema-validator-2.2.8.jar;F:\Maven-Repository\com\github\java-json-tools\json-schema-core\1.2.8\json-schema-core-1.2.8.jar;F:\Maven-Repository\org\mozilla\rhino\1.7R4\rhino-1.7R4.jar;F:\Maven-Repository\com\github\fge\uri-template\0.9\uri-template-0.9.jar;F:\Maven-Repository\javax\mail\mailapi\1.4.3\mailapi-1.4.3.jar;F:\Maven-Repository\javax\activation\activation\1.1\activation-1.1.jar;F:\Maven-Repository\joda-time\joda-time\2.10.5\joda-time-2.10.5.jar;F:\Maven-Repository\com\googlecode\libphonenumber\libphonenumber\8.0.0\libphonenumber-8.0.0.jar;F:\Maven-Repository\com\google\code\findbugs\jsr305\3.0.1\jsr305-3.0.1.jar;F:\Maven-Repository\net\sf\jopt-simple\jopt-simple\5.0.3\jopt-simple-5.0.3.jar;F:\Maven-Repository\com\github\fge\json-patch\1.6\json-patch-1.6.jar;F:\Maven-Repository\com\github\fge\jackson-coreutils\1.6\jackson-coreutils-1.6.jar;F:\Maven-Repository\com\github\fge\msg-simple\1.1\msg-simple-1.1.jar;F:\Maven-Repository\com\github\fge\btf\1.2\btf-1.2.jar;F:\Maven-Repository\org\apache\httpcomponents\httpclient\4.5.11\httpclient-4.5.11.jar;F:\Maven-Repository\org\apache\httpcomponents\httpcore\4.4.13\httpcore-4.4.13.jar;F:\Maven-Repository\org\apache\commons\commons-configuration2\2.1\commons-configuration2-2.1.jar;F:\Maven-Repository\commons-logging\commons-logging\1.2\commons-logging-1.2.jar;F:\Maven-Repository\commons-beanutils\commons-beanutils\1.9.2\commons-beanutils-1.9.2.jar;F:\Maven-Repository\commons-collections\commons-collections\3.2.1\commons-collections-3.2.1.jar;F:\Maven-Repository\org\apache\commons\commons-collections4\4.1\commons-collections4-4.1.jar;F:\Maven-Repository\io\vavr\vavr\0.9.1\vavr-0.9.1.jar;F:\Maven-Repository\io\vavr\vavr-match\0.9.1\vavr-match-0.9.1.jar;F:\Maven-Repository\ch\netzwerg\paleo-core\0.11.0\paleo-core-0.11.0.jar;F:\Maven-Repository\junit\junit\4.12\junit-4.12.jar;F:\Maven-Repository\org\hamcrest\hamcrest-core\2.1\hamcrest-core-2.1.jar;F:\Maven-Repository\com\baomidou\mybatis-plus-boot-starter\3.1.0\mybatis-plus-boot-starter-3.1.0.jar;F:\Maven-Repository\com\baomidou\mybatis-plus\3.1.0\mybatis-plus-3.1.0.jar;F:\Maven-Repository\org\springframework\boot\spring-boot-autoconfigure\2.2.5.RELEASE\spring-boot-autoconfigure-2.2.5.RELEASE.jar;F:\Maven-Repository\com\baomidou\mybatis-plus-generator\3.1.0\mybatis-plus-generator-3.1.0.jar;F:\Maven-Repository\com\baomidou\mybatis-plus-extension\3.1.0\mybatis-plus-extension-3.1.0.jar;F:\Maven-Repository\com\baomidou\mybatis-plus-core\3.1.0\mybatis-plus-core-3.1.0.jar;F:\Maven-Repository\com\baomidou\mybatis-plus-annotation\3.1.0\mybatis-plus-annotation-3.1.0.jar;F:\Maven-Repository\org\freemarker\freemarker\2.3.28\freemarker-2.3.28.jar;F:\Maven-Repository\com\github\pagehelper\pagehelper-spring-boot-starter\1.2.12\pagehelper-spring-boot-starter-1.2.12.jar;F:\Maven-Repository\com\github\pagehelper\pagehelper-spring-boot-autoconfigure\1.2.12\pagehelper-spring-boot-autoconfigure-1.2.12.jar;F:\Maven-Repository\com\github\pagehelper\pagehelper\5.1.10\pagehelper-5.1.10.jar;F:\Maven-Repository\com\github\jsqlparser\jsqlparser\2.0\jsqlparser-2.0.jar;"/>
    <property name="sun.cpu.endian" value="little"/>
    <property name="user.home" value="C:\Users\Administrator"/>
    <property name="user.language" value="zh"/>
    <property name="java.specification.vendor" value="Oracle Corporation"/>
    <property name="java.home" value="F:\Java JDK 8\jre"/>
    <property name="basedir" value="C:\Users\Administrator\Desktop\git\tracking\tracking"/>
    <property name="file.separator" value="\"/>
    <property name="line.separator" value="&#10;"/>
    <property name="java.vm.specification.vendor" value="Oracle Corporation"/>
    <property name="java.specification.name" value="Java Platform API Specification"/>
    <property name="java.awt.graphicsenv" value="sun.awt.Win32GraphicsEnvironment"/>
    <property name="surefire.real.class.path" value="C:\Users\ADMINI~1\AppData\Local\Temp\surefire8850276839124982696\surefirebooter706697563533972455.jar"/>
    <property name="sun.boot.class.path" value="F:\Java JDK 8\jre\lib\resources.jar;F:\Java JDK 8\jre\lib\rt.jar;F:\Java JDK 8\jre\lib\sunrsasign.jar;F:\Java JDK 8\jre\lib\jsse.jar;F:\Java JDK 8\jre\lib\jce.jar;F:\Java JDK 8\jre\lib\charsets.jar;F:\Java JDK 8\jre\lib\jfr.jar;F:\Java JDK 8\jre\classes"/>
    <property name="user.script" value=""/>
    <property name="sun.management.compiler" value="HotSpot 64-Bit Tiered Compilers"/>
    <property name="java.runtime.version" value="1.8.0_221-b11"/>
    <property name="user.name" value="Administrator"/>
    <property name="path.separator" value=";"/>
    <property name="os.version" value="10.0"/>
    <property name="java.endorsed.dirs" value="F:\Java JDK 8\jre\lib\endorsed"/>
    <property name="java.runtime.name" value="Java(TM) SE Runtime Environment"/>
    <property name="file.encoding" value="GBK"/>
    <property name="java.vm.name" value="Java HotSpot(TM) 64-Bit Server VM"/>
    <property name="localRepository" value="F:\Maven-Repository"/>
    <property name="java.vendor.url.bug" value="http://bugreport.sun.com/bugreport/"/>
    <property name="java.io.tmpdir" value="C:\Users\ADMINI~1\AppData\Local\Temp\"/>
    <property name="java.version" value="1.8.0_221"/>
    <property name="user.dir" value="C:\Users\Administrator\Desktop\git\tracking\tracking"/>
    <property name="os.arch" value="amd64"/>
    <property name="java.vm.specification.name" value="Java Virtual Machine Specification"/>
    <property name="java.awt.printerjob" value="sun.awt.windows.WPrinterJob"/>
    <property name="sun.os.patch.level" value=""/>
    <property name="idea.version2019.3.3" value="true"/>
    <property name="java.library.path" value="F:\Java JDK 8\jre\bin;C:\Windows\Sun\Java\bin;C:\Windows\system32;C:\Windows;F:\Xshell6\;F:\Java JDK 8\bin;F:\Java JDK 8\jre\bin;C:\Python27\;C:\Python27\Scripts;C:\Program Files (x86)\Common Files\Oracle\Java\javapath;C:\Windows\system32;C:\Windows;C:\Windows\System32\Wbem;C:\Windows\System32\WindowsPowerShell\v1.0\;C:\Windows\System32\OpenSSH\;C:\Program Files\Intel\WiFi\bin\;C:\Program Files\Common Files\Intel\WirelessCommon\;C:\Program Files (x86)\NVIDIA Corporation\PhysX\Common;C:\Program Files\NVIDIA Corporation\NVIDIA NvDLISR;F:\MySql 8\bin;F:\apache-maven-3.6.3\bin\;C:\ProgramData\chocolatey\bin;F:\nodejs\;F:\Git\cmd;F:\redis\;C:\Users\Administrator\AppData\Local\Microsoft\WindowsApps;C:\Program Files\Intel\WiFi\bin\;C:\Program Files\Common Files\Intel\WirelessCommon\;C:\Users\Administrator\AppData\Local\GitHubDesktop\bin;F:\nodejs\node_global;F:\erl10.7\bin;;."/>
    <property name="java.vm.info" value="mixed mode"/>
    <property name="java.vendor" value="Oracle Corporation"/>
    <property name="java.vm.version" value="25.221-b11"/>
    <property name="java.ext.dirs" value="F:\Java JDK 8\jre\lib\ext;C:\Windows\Sun\Java\lib\ext"/>
    <property name="sun.io.unicode.encoding" value="UnicodeLittle"/>
    <property name="maven.repo.local" value="F:\Maven-Repository"/>
    <property name="java.class.version" value="52.0"/>
  </properties>
  <testcase name="test1" classname="com.ruixun.tracking.service.ITrackingWaterServiceTest" time="0.015"/>
</testsuite>